<?xml version="1.0" encoding="UTF-8"?>
<!-- Generated by org.testng.reporters.JUnitReportReporter -->
<testsuite skipped="0" hostname="Admins-MacBook-Pro-5.local" name="TestFramework.sampleApiTestOlx" tests="1" failures="0" timestamp="17 Oct 2018 13:52:47 GMT" time="4.066" errors="0">
  <testcase name="getIDAPIOlx" time="4.066" classname="TestFramework.sampleApiTestOlx"/>
</testsuite> <!-- TestFramework.sampleApiTestOlx -->
