<?xml version="1.0" encoding="UTF-8"?>
<!-- Generated by org.testng.reporters.JUnitReportReporter -->
<testsuite skipped="0" hostname="Admins-MacBook-Pro-5.local" name="TestFramework.sampleApiTestOlxRepo" tests="1" failures="0" timestamp="17 Oct 2018 09:17:39 GMT" time="11.040" errors="0">
  <testcase name="testGetNamesAPIOlxRepo" time="11.040" classname="TestFramework.sampleApiTestOlxRepo"/>
</testsuite> <!-- TestFramework.sampleApiTestOlxRepo -->
