<?xml version="1.0" encoding="UTF-8"?>
<!-- Generated by org.testng.reporters.JUnitReportReporter -->
<testsuite skipped="0" hostname="Admins-MacBook-Pro-5.local" name="TestFramework.sampleApiTestOlxRepo" tests="1" failures="0" timestamp="15 Oct 2018 19:55:14 GMT" time="3.477" errors="0">
  <testcase name="testGetNamesAPIOlxRepo" time="3.477" classname="TestFramework.sampleApiTestOlxRepo"/>
</testsuite> <!-- TestFramework.sampleApiTestOlxRepo -->
